Sep 24, 2025 2:30:51 PM domain.services.WalletService createWallet
WARNING: Failed to save wallet: java.sql.SQLException: Parameter index out of range (1 > number of parameters, which is 0).
Sep 24, 2025 2:32:33 PM domain.services.WalletService createWallet
WARNING: Failed to save walletzz: java.sql.SQLException: Parameter index out of range (1 > number of parameters, which is 0).
Sep 24, 2025 2:37:51 PM domain.services.WalletService createWallet
WARNING: Failed to save wallet: java.sql.SQLException: Parameter index out of range (1 > number of parameters, which is 0).
Sep 24, 2025 2:41:31 PM domain.services.WalletService createWallet
WARNING: Failed to save wallet: java.sql.SQLException: Field 'wallet_address' doesn't have a default value
Sep 24, 2025 2:41:42 PM domain.services.WalletService createWallet
WARNING: Failed to save wallet: java.sql.SQLException: Field 'wallet_address' doesn't have a default value
Sep 25, 2025 10:12:46 PM domain.services.WalletService getWalletByAddress
WARNING: Failed to fetch wallet by address 3aM2Hv15sRwfRswfuAEheT1hsawNP: java.sql.SQLSyntaxErrorException: You have an error in your SQL syntax; check the manual that corresponds to your MySQL server version for the right syntax to use near 'FROMWHERE wallet_address = '3aM2Hv15sRwfRswfuAEheT1hsawNP'' at line 1
Sep 25, 2025 10:12:46 PM domain.services.WalletService getWalletByAddress
WARNING: Failed to fetch wallet by address bc1qw508d6qejxtdg4y5r3zarvary0c5xw7kygt080: java.sql.SQLException: No value specified for parameter 2
Sep 25, 2025 10:12:46 PM controller.TransactionController handleTransactionCreation
WARNING: Failed to handle transaction creationnull
Sep 25, 2025 10:13:53 PM domain.services.WalletService getWalletByAddress
WARNING: Failed to fetch wallet by address 3aM2Hv15sRwfRswfuAEheT1hsawNP: java.sql.SQLSyntaxErrorException: You have an error in your SQL syntax; check the manual that corresponds to your MySQL server version for the right syntax to use near 'FROMWHERE wallet_address = '3aM2Hv15sRwfRswfuAEheT1hsawNP'' at line 1
Sep 25, 2025 10:15:26 PM domain.services.WalletService getWalletByAddress
WARNING: Failed to fetch wallet by address bc1qw508d6qejxtdg4y5r3zarvary0c5xw7kygt080: java.sql.SQLException: No value specified for parameter 2
Sep 25, 2025 10:15:26 PM controller.TransactionController handleTransactionCreation
WARNING: Failed to handle transaction creationnull
Sep 25, 2025 10:15:45 PM domain.services.WalletService getWalletByAddress
WARNING: Failed to fetch wallet by address bc1qw508d6qejxtdg4y5r3zarvary0c5xw7kygt080: java.sql.SQLSyntaxErrorException: You have an error in your SQL syntax; check the manual that corresponds to your MySQL server version for the right syntax to use near 'FROMWHERE wallet_address = 'bc1qw508d6qejxtdg4y5r3zarvary0c5xw7kygt080'' at line 1
Sep 25, 2025 10:16:36 PM domain.services.WalletService getWalletByAddress
WARNING: Failed to fetch wallet by address 3aM2Hv15sRwfRswfuAEheT1hsawNP: java.sql.SQLException: No value specified for parameter 2
Sep 25, 2025 10:16:36 PM controller.TransactionController handleTransactionCreation
WARNING: Failed to handle transaction creationnull
Sep 25, 2025 10:22:19 PM domain.services.WalletService getWalletByAddress
WARNING: Failed to fetch wallet by address 3aM2Hv15sRwfRswfuAEheT1hsawNP: java.sql.SQLException: No value specified for parameter 2
Sep 25, 2025 10:22:19 PM controller.TransactionController handleTransactionCreation
WARNING: Failed to handle transaction creationnull
Sep 25, 2025 10:25:16 PM domain.services.WalletService getWalletByAddress
WARNING: Failed to fetch wallet by address 3aM2Hv15sRwfRswfuAEheT1hsawNP: java.sql.SQLException: No value specified for parameter 2
Sep 25, 2025 10:25:33 PM controller.TransactionController handleTransactionCreation
WARNING: Failed to handle transaction creationnull
Sep 25, 2025 10:26:52 PM domain.services.WalletService getWalletByAddress
WARNING: Failed to fetch wallet by address 3aM2Hv15sRwfRswfuAEheT1hsawNP: java.sql.SQLException: No value specified for parameter 2
Sep 25, 2025 10:27:26 PM controller.TransactionController handleTransactionCreation
WARNING: Failed to handle transaction creationnull
Sep 25, 2025 10:28:39 PM domain.services.WalletService getWalletByAddress
WARNING: Failed to fetch wallet by address 3aM2Hv15sRwfRswfuAEheT1hsawNP: java.sql.SQLException: No value specified for parameter 2
Sep 25, 2025 10:29:24 PM controller.TransactionController handleTransactionCreation
WARNING: Failed to handle transaction creationnull
Sep 25, 2025 10:30:40 PM domain.services.WalletService getWalletByAddress
WARNING: Failed to fetch wallet by address 3aM2Hv15sRwfRswfuAEheT1hsawNP: java.sql.SQLException: No value specified for parameter 2
Sep 25, 2025 10:31:06 PM controller.TransactionController handleTransactionCreation
WARNING: Failed to handle transaction creationnull
Sep 25, 2025 11:18:17 PM domain.services.WalletService getWalletByAddress
WARNING: Failed to fetch wallet by address bc1qw508d6qejxtdg4y5r3zarvary0c5xw7kygt080: java.sql.SQLException: No value specified for parameter 2
Sep 25, 2025 11:18:27 PM controller.TransactionController handleTransactionCreation
WARNING: Failed to handle transaction creationnull
Sep 25, 2025 11:22:23 PM domain.services.WalletService getWalletByAddress
WARNING: Failed to fetch wallet by address 3aM2Hv15sRwfRswfuAEheT1hsawNP: java.sql.SQLException: No value specified for parameter 2
Sep 25, 2025 11:22:23 PM controller.TransactionController handleTransactionCreation
WARNING: Failed to handle transaction creationnull
Sep 25, 2025 11:35:10 PM domain.services.TransactionService makeTransaction
WARNING: java.sql.SQLIntegrityConstraintViolationException: Cannot add or update a child row: a foreign key constraint fails (`crypto_wallet`.`transactions`, CONSTRAINT `transactions_ibfk_1` FOREIGN KEY (`sourceAddress`) REFERENCES `wallet` (`id`))
Sep 25, 2025 11:49:05 PM domain.services.TransactionService makeTransaction
WARNING: java.sql.SQLIntegrityConstraintViolationException: Cannot add or update a child row: a foreign key constraint fails (`crypto_wallet`.`transactions`, CONSTRAINT `transactions_ibfk_1` FOREIGN KEY (`sourceAddress`) REFERENCES `wallet` (`id`))
